2024-01-29 03:33:31,804 DEBUG RESTARTED fw_id, launch_id to (1, 1)
2024-01-29 03:33:32,215 INFO Performing db tune-up
2024-01-29 03:33:32,215 DEBUG Updating indices...
2024-01-29 03:33:37,357 INFO LaunchPad was RESET.
2024-01-29 03:44:23,877 INFO Added a workflow. id_map: {-1: 1}
2024-01-29 04:02:31,554 DEBUG RESTARTED fw_id, launch_id to (1, 1)
2024-01-29 04:02:31,970 INFO Performing db tune-up
2024-01-29 04:02:31,971 DEBUG Updating indices...
2024-01-29 04:02:37,141 INFO LaunchPad was RESET.
2024-01-29 04:04:27,303 INFO Added a workflow. id_map: {-1: 1}
2024-01-29 04:04:44,804 DEBUG RESTARTED fw_id, launch_id to (1, 1)
2024-01-29 04:04:45,215 INFO Performing db tune-up
2024-01-29 04:04:45,216 DEBUG Updating indices...
2024-01-29 04:04:50,604 INFO LaunchPad was RESET.
2024-01-29 06:28:12,917 INFO Added a workflow. id_map: {-1: 1}
2024-01-29 06:28:27,386 DEBUG Aggregation '[{'$match': {}}, {'$project': {'nodes': True, '_id': False}}]'.
2024-01-29 06:28:40,226 DEBUG Aggregation '[{'$match': {}}, {'$project': {'nodes': True, '_id': False}}]'.
2024-02-06 18:17:14,204 DEBUG Aggregation '[{'$match': {}}, {'$project': {'nodes': True, '_id': False}}]'.
2024-02-06 18:17:32,042 DEBUG Aggregation '[{'$match': {}}, {'$project': {'nodes': True, '_id': False}}]'.
2024-02-07 20:38:16,302 INFO Added a workflow. id_map: {-1: 2}
2024-02-07 20:38:36,220 DEBUG Aggregation '[{'$match': {}}, {'$project': {'nodes': True, '_id': False}}]'.
2024-02-07 20:39:04,118 DEBUG RESTARTED fw_id, launch_id to (1, 1)
2024-02-07 20:39:04,521 INFO Performing db tune-up
2024-02-07 20:39:04,521 DEBUG Updating indices...
2024-02-07 20:39:09,629 INFO LaunchPad was RESET.
2024-02-07 20:39:29,688 INFO Added a workflow. id_map: {-1: 1}
2024-02-08 00:21:50,884 DEBUG Aggregation '[{'$match': {}}, {'$project': {'nodes': True, '_id': False}}]'.
2024-02-08 01:28:25,507 INFO Added a workflow. id_map: {-1: 1}
2024-02-08 03:01:10,696 INFO Added a workflow. id_map: {-1: 1}
2024-02-08 03:24:49,574 DEBUG Aggregation '[{'$match': {}}, {'$project': {'nodes': True, '_id': False}}]'.
2024-02-08 03:25:13,886 DEBUG RESTARTED fw_id, launch_id to (1, 1)
2024-02-08 03:25:14,304 INFO Performing db tune-up
2024-02-08 03:25:14,305 DEBUG Updating indices...
2024-02-08 03:25:19,559 INFO LaunchPad was RESET.
2024-02-08 03:25:39,118 INFO Added a workflow. id_map: {-1: 1}
2024-02-08 04:21:29,276 DEBUG RESTARTED fw_id, launch_id to (1, 1)
2024-02-08 04:21:29,693 INFO Performing db tune-up
2024-02-08 04:21:29,693 DEBUG Updating indices...
2024-02-08 04:21:35,150 INFO LaunchPad was RESET.
2024-02-08 04:21:45,537 INFO Added a workflow. id_map: {-1: 1}
2024-02-08 04:23:10,162 DEBUG RESTARTED fw_id, launch_id to (1, 1)
2024-02-08 04:23:10,579 INFO Performing db tune-up
2024-02-08 04:23:10,579 DEBUG Updating indices...
2024-02-08 04:23:15,786 INFO LaunchPad was RESET.
2024-02-08 04:23:27,575 INFO Added a workflow. id_map: {-1: 1}
2024-02-08 04:24:57,446 DEBUG RESTARTED fw_id, launch_id to (1, 1)
2024-02-08 04:24:57,859 INFO Performing db tune-up
2024-02-08 04:24:57,860 DEBUG Updating indices...
2024-02-08 04:25:03,094 INFO LaunchPad was RESET.
2024-02-08 04:25:12,326 INFO Added a workflow. id_map: {-1: 1}
