2024-01-07 18:14:32,097 DEBUG RESTARTED fw_id, launch_id to (1, 1)
2024-01-07 18:14:32,100 INFO Performing db tune-up
2024-01-07 18:14:32,100 DEBUG Updating indices...
2024-01-07 18:14:32,379 INFO LaunchPad was RESET.
2024-01-07 18:15:03,958 DEBUG RESTARTED fw_id, launch_id to (1, 1)
2024-01-07 18:15:03,963 INFO Performing db tune-up
2024-01-07 18:15:03,963 DEBUG Updating indices...
2024-01-07 18:15:04,034 INFO LaunchPad was RESET.
2024-01-07 18:21:03,011 DEBUG RESTARTED fw_id, launch_id to (1, 1)
2024-01-07 18:21:03,013 INFO Performing db tune-up
2024-01-07 18:21:03,013 DEBUG Updating indices...
2024-01-07 18:21:03,228 INFO LaunchPad was RESET.
2024-01-07 18:35:34,130 DEBUG RESTARTED fw_id, launch_id to (1, 1)
2024-01-07 18:35:34,134 INFO Performing db tune-up
2024-01-07 18:35:34,134 DEBUG Updating indices...
2024-01-07 18:35:34,397 INFO LaunchPad was RESET.
2024-01-07 19:03:27,595 DEBUG Aggregation '[{'$match': {}}, {'$project': {'nodes': True, '_id': False}}]'.
2024-01-07 19:03:27,612 INFO Added a workflow. id_map: {-1: 1}
2024-01-07 19:03:27,612 DEBUG Aggregation '[{'$match': {}}, {'$project': {'nodes': True, '_id': False}}]'.
2024-01-07 19:05:07,732 DEBUG Aggregation '[{'$match': {}}, {'$project': {'nodes': True, '_id': False}}]'.
2024-01-07 19:05:22,016 DEBUG Aggregation '[{'$match': {}}, {'$project': {'nodes': True, '_id': False}}]'.
2024-01-07 19:05:29,115 DEBUG Aggregation '[{'$match': {}}, {'$project': {'nodes': True, '_id': False}}]'.
2024-01-07 19:13:04,682 DEBUG RESTARTED fw_id, launch_id to (1, 1)
2024-01-07 19:13:04,687 INFO Performing db tune-up
2024-01-07 19:13:04,687 DEBUG Updating indices...
2024-01-07 19:13:04,772 INFO LaunchPad was RESET.
2024-01-07 19:13:08,809 DEBUG Aggregation '[{'$match': {}}, {'$project': {'nodes': True, '_id': False}}]'.
2024-01-07 19:13:08,822 INFO Added a workflow. id_map: {-1: 1}
2024-01-07 19:13:08,822 DEBUG Aggregation '[{'$match': {}}, {'$project': {'nodes': True, '_id': False}}]'.
2024-01-07 19:25:03,370 DEBUG RESTARTED fw_id, launch_id to (1, 1)
2024-01-07 19:25:03,375 INFO Performing db tune-up
2024-01-07 19:25:03,376 DEBUG Updating indices...
2024-01-07 19:25:03,417 INFO LaunchPad was RESET.
2024-01-07 19:25:09,899 DEBUG Aggregation '[{'$match': {}}, {'$project': {'nodes': True, '_id': False}}]'.
2024-01-07 19:25:09,916 INFO Added a workflow. id_map: {-1: 1}
2024-01-07 19:25:09,917 DEBUG Aggregation '[{'$match': {}}, {'$project': {'nodes': True, '_id': False}}]'.
2024-01-07 19:29:01,432 DEBUG RESTARTED fw_id, launch_id to (1, 1)
2024-01-07 19:29:01,436 INFO Performing db tune-up
2024-01-07 19:29:01,436 DEBUG Updating indices...
2024-01-07 19:29:01,519 INFO LaunchPad was RESET.
2024-01-07 19:33:30,042 DEBUG Aggregation '[{'$match': {}}, {'$project': {'nodes': True, '_id': False}}]'.
2024-01-07 19:33:30,055 INFO Added a workflow. id_map: {-1: 1}
2024-01-07 19:33:30,055 DEBUG Aggregation '[{'$match': {}}, {'$project': {'nodes': True, '_id': False}}]'.
2024-01-17 23:28:27,358 DEBUG RESTARTED fw_id, launch_id to (1, 1)
2024-01-17 23:28:27,362 INFO Performing db tune-up
2024-01-17 23:28:27,362 DEBUG Updating indices...
2024-01-17 23:28:27,587 INFO LaunchPad was RESET.
